<?xml version="1.0" encoding="UTF-8"?>
<testng-results skipped="0" failed="0" total="1" passed="1">
  <reporter-output>
  </reporter-output>
  <suite name="Default suite" duration-ms="35135" started-at="2015-02-18T09:28:19Z" finished-at="2015-02-18T09:28:54Z">
    <groups>
    </groups>
    <test name="Default test" duration-ms="35135" started-at="2015-02-18T09:28:19Z" finished-at="2015-02-18T09:28:54Z">
      <class name="com.bsb.hike.ios.tests.NewMessagingTest">
        <test-method status="PASS" signature="setUp()[pri:0, instance:com.bsb.hike.ios.tests.NewMessagingTest@39e57e8f]" name="setUp" is-config="true" duration-ms="14184" started-at="2015-02-18T14:58:19Z" finished-at="2015-02-18T14:58:34Z">
          <reporter-output>
          </reporter-output>
        </test-method> <!-- setUp -->
        <test-method status="PASS" signature="test003CreateChat()[pri:0, instance:com.bsb.hike.ios.tests.NewMessagingTest@39e57e8f]" name="test003CreateChat" duration-ms="20937" started-at="2015-02-18T14:58:34Z" finished-at="2015-02-18T14:58:54Z">
          <reporter-output>
          </reporter-output>
        </test-method> <!-- test003CreateChat -->
      </class> <!-- com.bsb.hike.ios.tests.NewMessagingTest -->
    </test> <!-- Default test -->
  </suite> <!-- Default suite -->
</testng-results>
